41
226 305
221 329
218 351
216 373
216 394
217 414
220 433
223 451
227 468
232 484
238 500
253 533
272 563
296 591
322 615
351 637
383 655
416 670
450 680
486 687
522 689
552 687
581 682
610 674
637 664
664 650
689 634
712 616
734 595
754 573
772 549
786 526
797 502
805 477
811 453
814 428
816 403
816 377
815 352
813 325
811 299
41
684 645
670 665
658 687
650 710
645 735
643 760
645 785
650 810
659 833
672 855
688 875
709 892
732 906
757 915
784 921
811 923
838 921
865 915
890 906
914 892
935 875
946 862
957 847
966 831
974 815
981 797
986 779
990 761
992 743
992 725
991 708
983 676
968 648
949 623
925 603
898 587
868 576
838 571
806 571
776 578
746 592
31
253 544
213 534
175 535
140 545
109 565
83 591
63 622
49 658
43 697
46 737
58 777
75 807
96 834
121 857
149 875
179 888
211 896
243 898
275 893
307 882
338 863
351 850
362 836
372 820
380 803
386 785
389 764
390 742
388 718
384 693
377 665
61
711 326
735 327
757 325
775 318
791 308
802 295
811 278
815 260
815 239
811 218
803 195
795 180
782 164
766 148
748 131
727 115
705 100
682 85
658 73
635 62
613 54
608 50
602 46
597 41
591 36
585 30
578 25
570 20
562 15
553 12
542 9
524 8
508 10
495 14
482 19
471 26
460 34
449 41
438 48
426 55
412 60
395 66
376 75
355 87
332 101
310 116
288 133
268 152
250 171
236 192
226 213
220 233
218 253
220 271
226 287
235 301
247 313
262 322
279 327
299 328
321 326
21
720 243
712 227
704 213
694 200
685 188
674 178
664 169
653 161
642 154
631 148
620 142
589 129
555 122
519 120
483 123
448 132
414 145
383 164
357 186
336 214
321 246
11
313 325
296 354
284 385
278 418
278 452
282 487
292 522
306 556
324 589
346 620
372 649
11
693 621
708 586
719 552
726 520
731 489
733 459
732 432
729 405
725 381
720 358
714 337
21
634 133
624 115
612 98
599 84
585 71
571 61
557 53
543 48
531 44
520 44
510 45
501 47
490 51
479 57
468 65
456 74
445 85
434 97
423 110
413 124
403 139
31
442 340
434 353
428 365
423 375
420 384
417 392
414 401
412 409
411 418
409 427
406 438
409 460
416 477
426 489
440 496
454 499
468 496
481 489
492 477
499 460
501 438
501 427
501 418
500 409
500 401
498 392
497 384
495 375
492 364
489 353
486 340
31
530 340
528 353
525 364
523 374
521 383
520 392
518 400
517 409
516 418
516 427
516 438
519 460
526 477
537 489
550 496
564 499
579 496
591 489
602 477
608 460
610 438
608 427
606 418
605 409
603 401
601 392
598 384
594 375
589 364
583 353
575 340
11
415 302
434 311
453 318
473 323
493 326
513 327
533 326
552 323
571 318
590 311
607 302
41
516 296
529 295
540 294
551 290
561 286
570 281
577 274
583 267
588 258
591 248
593 237
591 227
588 217
583 208
577 201
570 194
561 188
551 184
540 181
529 178
516 178
503 178
491 181
480 184
470 188
462 194
454 201
448 208
444 217
440 227
439 237
440 248
444 258
448 267
454 274
462 281
470 286
480 290
491 294
503 295
516 296
1
0 0
